2024-06-10 15:47:30.8678||INFO|Birth_Certificate_Generator.Middleware.RequestLoggingMiddleware|[Timestamp]: 10-06-2024 15:47:30
[Method]: POST
[Path]: /api/CLCHD01/AddChild
[QueryString]: 
[Headers]:
    Accept: */*
    Connection: keep-alive
    Host: localhost:5268
    User-Agent: Mozilla/5.0 (Windows NT 10.0; Win64; x64) AppleWebKit/537.36 (KHTML, like Gecko) Chrome/125.0.0.0 Safari/537.36
    Accept-Encoding: gzip, deflate, br, zstd
    Accept-Language: en-US,en;q=0.9
    Authorization: Bearer eyJhbGciOiJIUzI1NiIsInR5cCI6IkpXVCJ9.eyJ1bmlxdWVfbmFtZSI6ImFydGkiLCJyb2xlIjoiVXNlciIsIm5iZiI6MTcxODAxNDIxNywiZXhwIjoxNzE4MDE1NDE3LCJpYXQiOjE3MTgwMTQyMTd9.nJAy6tEleqXflMz0F5a9uN7HvcH_Oqdx0Egz9Nkywho
    Content-Type: application/json-patch+json
    Origin: http://localhost:5268
    Referer: http://localhost:5268/swagger/index.html
    Content-Length: 207
    sec-ch-ua: "Google Chrome";v="125", "Chromium";v="125", "Not.A/Brand";v="24"
    sec-ch-ua-mobile: ?0
    sec-ch-ua-platform: "Windows"
    Sec-Fetch-Site: same-origin
    Sec-Fetch-Mode: cors
    Sec-Fetch-Dest: empty
--------------------------------------------------------------------------
 
2024-06-10 15:47:30.9933||INFO|Birth_Certificate_Generator.Middleware.RequestLoggingMiddleware|[ResponseStatusCode]: 200
[ResponseContentType]: application/json; charset=utf-8
[ResponseBody]:
{"isSuccess":true,"data":null,"message":"Record inserted successfully."}
--------------------------------------------------------------------------
 
2024-06-10 15:48:18.4359||INFO|Birth_Certificate_Generator.Middleware.RequestLoggingMiddleware|[Timestamp]: 10-06-2024 15:48:18
[Method]: POST
[Path]: /api/CLBCR01/AddRequest
[QueryString]: 
[Headers]:
    Accept: */*
    Connection: keep-alive
    Host: localhost:5268
    User-Agent: Mozilla/5.0 (Windows NT 10.0; Win64; x64) AppleWebKit/537.36 (KHTML, like Gecko) Chrome/125.0.0.0 Safari/537.36
    Accept-Encoding: gzip, deflate, br, zstd
    Accept-Language: en-US,en;q=0.9
    Authorization: Bearer eyJhbGciOiJIUzI1NiIsInR5cCI6IkpXVCJ9.eyJ1bmlxdWVfbmFtZSI6ImFydGkiLCJyb2xlIjoiVXNlciIsIm5iZiI6MTcxODAxNDIxNywiZXhwIjoxNzE4MDE1NDE3LCJpYXQiOjE3MTgwMTQyMTd9.nJAy6tEleqXflMz0F5a9uN7HvcH_Oqdx0Egz9Nkywho
    Content-Type: application/json-patch+json
    Origin: http://localhost:5268
    Referer: http://localhost:5268/swagger/index.html
    Content-Length: 32
    sec-ch-ua: "Google Chrome";v="125", "Chromium";v="125", "Not.A/Brand";v="24"
    sec-ch-ua-mobile: ?0
    sec-ch-ua-platform: "Windows"
    Sec-Fetch-Site: same-origin
    Sec-Fetch-Mode: cors
    Sec-Fetch-Dest: empty
--------------------------------------------------------------------------
 
2024-06-10 15:48:18.4644||INFO|Birth_Certificate_Generator.Middleware.RequestLoggingMiddleware|[ResponseStatusCode]: 200
[ResponseContentType]: application/json; charset=utf-8
[ResponseBody]:
{"isSuccess":true,"data":null,"message":"Record inserted successfully."}
--------------------------------------------------------------------------
 
2024-06-10 15:48:25.0582||INFO|Birth_Certificate_Generator.Middleware.RequestLoggingMiddleware|[Timestamp]: 10-06-2024 15:48:25
[Method]: GET
[Path]: /api/CLBCR01/GetPendingRequest
[QueryString]: 
[Headers]:
    Accept: */*
    Connection: keep-alive
    Host: localhost:5268
    User-Agent: Mozilla/5.0 (Windows NT 10.0; Win64; x64) AppleWebKit/537.36 (KHTML, like Gecko) Chrome/125.0.0.0 Safari/537.36
    Accept-Encoding: gzip, deflate, br, zstd
    Accept-Language: en-US,en;q=0.9
    Authorization: Bearer eyJhbGciOiJIUzI1NiIsInR5cCI6IkpXVCJ9.eyJ1bmlxdWVfbmFtZSI6ImFydGkiLCJyb2xlIjoiVXNlciIsIm5iZiI6MTcxODAxNDIxNywiZXhwIjoxNzE4MDE1NDE3LCJpYXQiOjE3MTgwMTQyMTd9.nJAy6tEleqXflMz0F5a9uN7HvcH_Oqdx0Egz9Nkywho
    Referer: http://localhost:5268/swagger/index.html
    sec-ch-ua: "Google Chrome";v="125", "Chromium";v="125", "Not.A/Brand";v="24"
    sec-ch-ua-mobile: ?0
    sec-ch-ua-platform: "Windows"
    Sec-Fetch-Site: same-origin
    Sec-Fetch-Mode: cors
    Sec-Fetch-Dest: empty
--------------------------------------------------------------------------
 
2024-06-10 15:48:25.0582||INFO|Birth_Certificate_Generator.Middleware.RequestLoggingMiddleware|[ResponseStatusCode]: 403
[ResponseContentType]: application/problem+json; charset=utf-8
[ResponseBody]:
{"type":"https://tools.ietf.org/html/rfc7231#section-6.5.3","title":"Forbidden","status":403,"traceId":"00-adcfa46ecb807d416d830eb0d06eda9b-3f8eb7ea6a2de8e7-00"}
--------------------------------------------------------------------------
 
2024-06-10 15:48:53.0704||INFO|Birth_Certificate_Generator.Middleware.RequestLoggingMiddleware|[Timestamp]: 10-06-2024 15:48:53
[Method]: GET
[Path]: /api/CLBCT01/GetCertificate/9
[QueryString]: 
[Headers]:
    Accept: */*
    Connection: keep-alive
    Host: localhost:5268
    User-Agent: Mozilla/5.0 (Windows NT 10.0; Win64; x64) AppleWebKit/537.36 (KHTML, like Gecko) Chrome/125.0.0.0 Safari/537.36
    Accept-Encoding: gzip, deflate, br, zstd
    Accept-Language: en-US,en;q=0.9
    Authorization: Bearer eyJhbGciOiJIUzI1NiIsInR5cCI6IkpXVCJ9.eyJ1bmlxdWVfbmFtZSI6ImFydGkiLCJyb2xlIjoiVXNlciIsIm5iZiI6MTcxODAxNDIxNywiZXhwIjoxNzE4MDE1NDE3LCJpYXQiOjE3MTgwMTQyMTd9.nJAy6tEleqXflMz0F5a9uN7HvcH_Oqdx0Egz9Nkywho
    Referer: http://localhost:5268/swagger/index.html
    sec-ch-ua: "Google Chrome";v="125", "Chromium";v="125", "Not.A/Brand";v="24"
    sec-ch-ua-mobile: ?0
    sec-ch-ua-platform: "Windows"
    Sec-Fetch-Site: same-origin
    Sec-Fetch-Mode: cors
    Sec-Fetch-Dest: empty
--------------------------------------------------------------------------
 
2024-06-10 15:48:53.0813||INFO|Birth_Certificate_Generator.Middleware.RequestLoggingMiddleware|[ResponseStatusCode]: 403
[ResponseContentType]: application/problem+json; charset=utf-8
[ResponseBody]:
{"type":"https://tools.ietf.org/html/rfc7231#section-6.5.3","title":"Forbidden","status":403,"traceId":"00-134287df2678b5cec27d0701fbfecbd8-f5f1e036d6c6dd5b-00"}
--------------------------------------------------------------------------
 
2024-06-10 15:48:55.3736||INFO|Birth_Certificate_Generator.Middleware.RequestLoggingMiddleware|[Timestamp]: 10-06-2024 15:48:55
[Method]: GET
[Path]: /api/CLBCT01/GetCertificate/9
[QueryString]: 
[Headers]:
    Accept: */*
    Connection: keep-alive
    Host: localhost:5268
    User-Agent: Mozilla/5.0 (Windows NT 10.0; Win64; x64) AppleWebKit/537.36 (KHTML, like Gecko) Chrome/125.0.0.0 Safari/537.36
    Accept-Encoding: gzip, deflate, br, zstd
    Accept-Language: en-US,en;q=0.9
    Authorization: Bearer eyJhbGciOiJIUzI1NiIsInR5cCI6IkpXVCJ9.eyJ1bmlxdWVfbmFtZSI6ImFydGkiLCJyb2xlIjoiVXNlciIsIm5iZiI6MTcxODAxNDIxNywiZXhwIjoxNzE4MDE1NDE3LCJpYXQiOjE3MTgwMTQyMTd9.nJAy6tEleqXflMz0F5a9uN7HvcH_Oqdx0Egz9Nkywho
    Referer: http://localhost:5268/swagger/index.html
    sec-ch-ua: "Google Chrome";v="125", "Chromium";v="125", "Not.A/Brand";v="24"
    sec-ch-ua-mobile: ?0
    sec-ch-ua-platform: "Windows"
    Sec-Fetch-Site: same-origin
    Sec-Fetch-Mode: cors
    Sec-Fetch-Dest: empty
--------------------------------------------------------------------------
 
2024-06-10 15:48:55.3736||INFO|Birth_Certificate_Generator.Middleware.RequestLoggingMiddleware|[ResponseStatusCode]: 403
[ResponseContentType]: application/problem+json; charset=utf-8
[ResponseBody]:
{"type":"https://tools.ietf.org/html/rfc7231#section-6.5.3","title":"Forbidden","status":403,"traceId":"00-81cf7590d436874b9276af814d1346c5-8083fa632eb15cdb-00"}
--------------------------------------------------------------------------
 
2024-06-10 15:49:10.1304||INFO|Birth_Certificate_Generator.Middleware.RequestLoggingMiddleware|[Timestamp]: 10-06-2024 15:49:10
[Method]: POST
[Path]: /api/CLLogin/login
[QueryString]: 
[Headers]:
    Accept: */*
    Connection: keep-alive
    Host: localhost:5268
    User-Agent: Mozilla/5.0 (Windows NT 10.0; Win64; x64) AppleWebKit/537.36 (KHTML, like Gecko) Chrome/125.0.0.0 Safari/537.36
    Accept-Encoding: gzip, deflate, br, zstd
    Accept-Language: en-US,en;q=0.9
    Authorization: Bearer eyJhbGciOiJIUzI1NiIsInR5cCI6IkpXVCJ9.eyJ1bmlxdWVfbmFtZSI6ImFydGkiLCJyb2xlIjoiVXNlciIsIm5iZiI6MTcxODAxNDIxNywiZXhwIjoxNzE4MDE1NDE3LCJpYXQiOjE3MTgwMTQyMTd9.nJAy6tEleqXflMz0F5a9uN7HvcH_Oqdx0Egz9Nkywho
    Content-Type: application/json-patch+json
    Origin: http://localhost:5268
    Referer: http://localhost:5268/swagger/index.html
    Content-Length: 48
    sec-ch-ua: "Google Chrome";v="125", "Chromium";v="125", "Not.A/Brand";v="24"
    sec-ch-ua-mobile: ?0
    sec-ch-ua-platform: "Windows"
    Sec-Fetch-Site: same-origin
    Sec-Fetch-Mode: cors
    Sec-Fetch-Dest: empty
--------------------------------------------------------------------------
 
2024-06-10 15:49:10.1304||INFO|Birth_Certificate_Generator.Middleware.RequestLoggingMiddleware|[ResponseStatusCode]: 200
[ResponseContentType]: application/json; charset=utf-8
[ResponseBody]:
{"token":"eyJhbGciOiJIUzI1NiIsInR5cCI6IkpXVCJ9.eyJ1bmlxdWVfbmFtZSI6ImlzaGlrYSIsInJvbGUiOiJBZG1pbiIsIm5iZiI6MTcxODAxNDc1MCwiZXhwIjoxNzE4MDE1OTUwLCJpYXQiOjE3MTgwMTQ3NTB9.nvY86YdfI2BdaeVvYmtX1Gctq5Ulg2vOFpq8A4zrHtc"}
--------------------------------------------------------------------------
 
